<?xml version="1.0" encoding="UTF-8"?>
<testsuite name="nyla.solutions.global.patterns.command.remote.RemoteCommasTest" tests="3" skipped="3" failures="0" errors="0" timestamp="2019-04-29T19:20:52" hostname="MacBook-Pro-5.local" time="0.001">
  <properties/>
  <testcase name="testAllRoutes" classname="nyla.solutions.global.patterns.command.remote.RemoteCommasTest" time="0.0">
    <skipped/>
  </testcase>
  <testcase name="testLookup" classname="nyla.solutions.global.patterns.command.remote.RemoteCommasTest" time="0.0">
    <skipped/>
  </testcase>
  <testcase name="testSingleRoute" classname="nyla.solutions.global.patterns.command.remote.RemoteCommasTest" time="0.0">
    <skipped/>
  </testcase>
  <system-out><![CDATA[]]></system-out>
  <system-err><![CDATA[]]></system-err>
</testsuite>
